#
# There is insufficient memory for the Java Runtime Environment to continue.
# Native memory allocation (mmap) failed to map 199229440 bytes for Failed to commit area from 0x0000000742000000 to 0x000000074de00000 of length 199229440.
# Possible reasons:
#   The system is out of physical RAM or swap space
#   The process is running with CompressedOops enabled, and the Java Heap may be blocking the growth of the native heap
# Possible solutions:
#   Reduce memory load on the system
#   Increase physical memory or swap space
#   Check if swap backing store is full
#   Decrease Java heap size (-Xmx/-Xms)
#   Decrease number of Java threads
#   Decrease Java thread stack sizes (-Xss)
#   Set larger code cache with -XX:ReservedCodeCacheSize=
# This output file may be truncated or incomplete.
#
#  Out of Memory Error (./src/hotspot/os/windows/os_windows.cpp:3386), pid=15188, tid=9508
#
# JRE version:  (11.0.16.1+9) (build )
# Java VM: OpenJDK 64-Bit Server VM (11.0.16.1+9-LTS, mixed mode, sharing, tiered, compressed oops, g1 gc, windows-amd64)
# No core dump will be written. Minidumps are not enabled by default on client versions of Windows
#

---------------  S U M M A R Y ------------

Command Line: EqualSumChecker

Host: Intel(R) Core(TM) i3-6006U CPU @ 2.00GHz, 4 cores, 11G,  Windows 10 , 64 bit Build 19041 (10.0.19041.1889)
Time: Wed Oct 19 14:39:36 2022 India Standard Time elapsed time: 0.052196 seconds (0d 0h 0m 0s)

---------------  T H R E A D  ---------------

Current thread (0x000001c22481f000):  JavaThread "Unknown thread" [_thread_in_vm, id=9508, stack(0x000000bdcdf00000,0x000000bdce000000)]

Stack: [0x000000bdcdf00000,0x000000bdce000000]
Native frames: (J=compiled Java code, j=interpreted, Vv=VM code, C=native code)
V  [jvm.dll+0x61f23a]
V  [jvm.dll+0x7ac419]
V  [jvm.dll+0x7adb08]
V  [jvm.dll+0x7ae1e3]
V  [jvm.dll+0x24fa98]
V  [jvm.dll+0x61c54a]
V  [jvm.dll+0x610cf5]
V  [jvm.dll+0x3079bc]
V  [jvm.dll+0x307842]
V  [jvm.dll+0x30c556]
V  [jvm.dll+0x352bff]
V  [jvm.dll+0x352630]
V  [jvm.dll+0x2e49b8]
V  [jvm.dll+0x2e5b16]
V  [jvm.dll+0x786267]
V  [jvm.dll+0x7879ef]
V  [jvm.dll+0x35f939]
V  [jvm.dll+0x7691d0]
V  [jvm.dll+0x3cd45f]
V  [jvm.dll+0x3cf7f1]
C  [jli.dll+0x5207]
C  [ucrtbase.dll+0x21bb2]
C  [KERNEL32.DLL+0x17034]
C  [ntdll.dll+0x526a1]


---------------  P R O C E S S  ---------------

Threads class SMR info:
_java_thread_list=0x000001c2227317e0, length=0, elements={
}

Java Threads: ( => current thread )

Other Threads:
  0x000001c224831800 GCTaskThread "GC Thread#0" [stack: 0x000000bdce000000,0x000000bdce100000] [id=13880]
  0x000001c224877000 ConcurrentGCThread "G1 Main Marker" [stack: 0x000000bdce100000,0x000000bdce200000] [id=1400]
  0x000001c22487a800 ConcurrentGCThread "G1 Conc#0" [stack: 0x000000bdce200000,0x000000bdce300000] [id=7748]

[error occurred during error reporting (printing all threads), id 0xc0000005, EXCEPTION_ACCESS_VIOLATION (0xc0000005) at pc=0x00007ffb34c34187]

VM state:not at safepoint (not fully initialized)

VM Mutex/Monitor currently owned by a thread:  ([mutex/lock_event])
[0x000001c22481a250] Heap_lock - owner thread: 0x000001c22481f000

Heap address: 0x0000000742000000, size: 3040 MB, Compressed Oops mode: Non-zero based: 0x0000000742000000
Narrow klass base: 0x0000000000000000, Narrow klass shift: 0

GC Heap History (0 events):
No events

Deoptimization events (0 events):
No events

Classes redefined (0 events):
No events

Internal exceptions (0 events):
No events

Events (1 events):
Event: 0.026 Loaded shared library C:\Program Files\Amazon Corretto\jdk11.0.16_9\bin\zip.dll


Dynamic libraries:
0x00007ff7a0100000 - 0x00007ff7a010d000 	C:\Program Files\Amazon Corretto\jdk11.0.16_9\bin\java.exe
0x00007ffb7f970000 - 0x00007ffb7fb68000 	C:\WINDOWS\SYSTEM32\ntdll.dll
0x00007ffb7f7f0000 - 0x00007ffb7f8ad000 	C:\WINDOWS\System32\KERNEL32.DLL
0x00007ffb7d180000 - 0x00007ffb7d452000 	C:\WINDOWS\System32\KERNELBASE.dll
0x00007ffb7d080000 - 0x00007ffb7d180000 	C:\WINDOWS\System32\ucrtbase.dll
0x00007ffb62180000 - 0x00007ffb62197000 	C:\Program Files\Amazon Corretto\jdk11.0.16_9\bin\jli.dll
0x00007ffb7e3d0000 - 0x00007ffb7e56d000 	C:\WINDOWS\System32\USER32.dll
0x00007ffb7d460000 - 0x00007ffb7d482000 	C:\WINDOWS\System32\win32u.dll
0x00007ffb7dd00000 - 0x00007ffb7dd2b000 	C:\WINDOWS\System32\GDI32.dll
0x00007ffb7d5b0000 - 0x00007ffb7d6bf000 	C:\WINDOWS\System32\gdi32full.dll
0x00007ffb59cd0000 - 0x00007ffb59ce9000 	C:\Program Files\Amazon Corretto\jdk11.0.16_9\bin\VCRUNTIME140.dll
0x00007ffb7d490000 - 0x00007ffb7d52d000 	C:\WINDOWS\System32\msvcp_win.dll
0x00007ffb61340000 - 0x00007ffb615da000 	C:\WINDOWS\WinSxS\amd64_microsoft.windows.common-controls_6595b64144ccf1df_6.0.19041.1110_none_60b5254171f9507e\COMCTL32.dll
0x00007ffb7f750000 - 0x00007ffb7f7ee000 	C:\WINDOWS\System32\msvcrt.dll
0x00007ffb7f440000 - 0x00007ffb7f470000 	C:\WINDOWS\System32\IMM32.DLL
0x00007ffb3fbf0000 - 0x00007ffb3fc8b000 	C:\Program Files\Amazon Corretto\jdk11.0.16_9\bin\msvcp140.dll
0x00007ffb34940000 - 0x00007ffb354c4000 	C:\Program Files\Amazon Corretto\jdk11.0.16_9\bin\server\jvm.dll
0x00007ffb7ec40000 - 0x00007ffb7ecee000 	C:\WINDOWS\System32\ADVAPI32.dll
0x00007ffb7e570000 - 0x00007ffb7e60c000 	C:\WINDOWS\System32\sechost.dll
0x00007ffb7f470000 - 0x00007ffb7f595000 	C:\WINDOWS\System32\RPCRT4.dll
0x00007ffb7dc80000 - 0x00007ffb7dc88000 	C:\WINDOWS\System32\PSAPI.DLL
0x00007ffb61770000 - 0x00007ffb61779000 	C:\WINDOWS\SYSTEM32\WSOCK32.dll
0x00007ffb7dee0000 - 0x00007ffb7df4b000 	C:\WINDOWS\System32\WS2_32.dll
0x00007ffb76be0000 - 0x00007ffb76c07000 	C:\WINDOWS\SYSTEM32\WINMM.dll
0x00007ffb76c80000 - 0x00007ffb76c8a000 	C:\WINDOWS\SYSTEM32\VERSION.dll
0x00007ffb7b8d0000 - 0x00007ffb7b8e2000 	C:\WINDOWS\SYSTEM32\kernel.appcore.dll
0x00007ffb69cf0000 - 0x00007ffb69d00000 	C:\Program Files\Amazon Corretto\jdk11.0.16_9\bin\verify.dll
0x00007ffb7b5e0000 - 0x00007ffb7b7c4000 	C:\WINDOWS\SYSTEM32\DBGHELP.DLL
0x00007ffb70b10000 - 0x00007ffb70b3c000 	C:\WINDOWS\SYSTEM32\dbgcore.DLL
0x00007ffb7d6c0000 - 0x00007ffb7d742000 	C:\WINDOWS\System32\bcryptPrimitives.dll
0x00007ffb53a90000 - 0x00007ffb53ab8000 	C:\Program Files\Amazon Corretto\jdk11.0.16_9\bin\java.dll
0x00007ffb69a90000 - 0x00007ffb69a9a000 	C:\Program Files\Amazon Corretto\jdk11.0.16_9\bin\jimage.dll
0x00007ffb59cb0000 - 0x00007ffb59cc8000 	C:\Program Files\Amazon Corretto\jdk11.0.16_9\bin\zip.dll

dbghelp: loaded successfully - version: 4.0.5 - missing functions: none
symbol engine: initialized successfully - sym options: 0x614 - pdb path: .;C:\Program Files\Amazon Corretto\jdk11.0.16_9\bin;C:\WINDOWS\SYSTEM32;C:\WINDOWS\WinSxS\amd64_microsoft.windows.common-controls_6595b64144ccf1df_6.0.19041.1110_none_60b5254171f9507e;C:\Program Files\Amazon Corretto\jdk11.0.16_9\bin\server

VM Arguments:
java_command: EqualSumChecker
java_class_path (initial): .
Launcher Type: SUN_STANDARD

[Global flags]
     intx CICompilerCount                          = 3                                         {product} {ergonomic}
     uint ConcGCThreads                            = 1                                         {product} {ergonomic}
     uint G1ConcRefinementThreads                  = 4                                         {product} {ergonomic}
   size_t G1HeapRegionSize                         = 1048576                                   {product} {ergonomic}
    uintx GCDrainStackTargetSize                   = 64                                        {product} {ergonomic}
   size_t InitialHeapSize                          = 199229440                                 {product} {ergonomic}
   size_t MarkStackSize                            = 4194304                                   {product} {ergonomic}
   size_t MaxHeapSize                              = 3187671040                                {product} {ergonomic}
   size_t MinHeapDeltaBytes                        = 1048576                                   {product} {ergonomic}
    uintx NonNMethodCodeHeapSize                   = 5830732                                {pd product} {ergonomic}
    uintx NonProfiledCodeHeapSize                  = 122913754                              {pd product} {ergonomic}
    uintx ProfiledCodeHeapSize                     = 122913754                              {pd product} {ergonomic}
    uintx ReservedCodeCacheSize                    = 251658240                              {pd product} {ergonomic}
     bool SegmentedCodeCache                       = true                                      {product} {ergonomic}
     bool UseCompressedClassPointers               = true                                 {lp64_product} {ergonomic}
     bool UseCompressedOops                        = true                                 {lp64_product} {ergonomic}
     bool UseG1GC                                  = true                                      {product} {ergonomic}
     bool UseLargePagesIndividualAllocation        = false                                  {pd product} {ergonomic}

Logging:
Log output configuration:
 #0: stdout all=warning uptime,level,tags
 #1: stderr all=off uptime,level,tags

Environment Variables:
JAVA_HOME=C:\Program Files\Amazon Corretto\jdk11.0.16_9
PATH=C:\Program Files\Amazon Corretto\jdk11.0.16_9\bin;C:\Python27\;C:\Python27\Scripts;C:\WINDOWS\system32;C:\WINDOWS;C:\WINDOWS\System32\Wbem;C:\WINDOWS\System32\WindowsPowerShell\v1.0\;C:\WINDOWS\System32\OpenSSH\;C:\Program Files (x86)\Intel\Intel(R) Management Engine Components\DAL;C:\Program Files\Intel\Intel(R) Management Engine Components\DAL;C:\cygwin64\bin;C:\Program Files\Java\jdk-17.0.2\bin;C:\Program Files\dotnet\;C:\Program Files\Git\cmd;C:\Program Files\nodejs\;C:\ProgramData\chocolatey\bin;C:\Program Files\Microsoft Network Monitor 3\;C:\Program Files\SourceGear\Common\DiffMerge\;C:\Users\FIRDOUSE\AppData\Local\Microsoft\WindowsApps;C:\Users\FIRDOUSE\AppData\Local\Programs\Microsoft VS Code\bin;C:\Users\FIRDOUSE\AppData\Roaming\npm;C:\Users\FIRDOUSE\AppData\Local\GitHubDesktop\bin
USERNAME=FIRDOUSE
OS=Windows_NT
PROCESSOR_IDENTIFIER=Intel64 Family 6 Model 78 Stepping 3, GenuineIntel
TMP=C:\Users\FIRDOUSE\AppData\Local\Temp
TEMP=C:\Users\FIRDOUSE\AppData\Local\Temp



---------------  S Y S T E M  ---------------

OS: Windows 10 , 64 bit Build 19041 (10.0.19041.1889)
OS uptime: 3 days 0:48 hours

CPU:total 4 (initial active 4) (2 cores per cpu, 2 threads per core) family 6 model 78 stepping 3 microcode 0xec, cmov, cx8, fxsr, mmx, sse, sse2, sse3, ssse3, sse4.1, sse4.2, popcnt, avx, avx2, aes, clmul, erms, 3dnowpref, lzcnt, ht, tsc, tscinvbit, bmi1, bmi2, adx, fma

Memory: 4k page, system-wide physical 12153M (882M free)
TotalPageFile size 12153M (AvailPageFile size 166M)
current process WorkingSet (physical memory assigned to process): 10M, peak: 10M
current process commit charge ("private bytes"): 51M, peak: 241M

vm_info: OpenJDK 64-Bit Server VM (11.0.16.1+9-LTS) for windows-amd64 JRE (11.0.16.1+9-LTS), built on Aug 12 2022 20:01:58 by "Administrator" with MS VC++ 15.9 (VS2017)

END.
